#
# There is insufficient memory for the Java Runtime Environment to continue.
# Native memory allocation (malloc) failed to allocate 1946576 bytes for Chunk::new
# Possible reasons:
#   The system is out of physical RAM or swap space
#   The process is running with CompressedOops enabled, and the Java Heap may be blocking the growth of the native heap
# Possible solutions:
#   Reduce memory load on the system
#   Increase physical memory or swap space
#   Check if swap backing store is full
#   Decrease Java heap size (-Xmx/-Xms)
#   Decrease number of Java threads
#   Decrease Java thread stack sizes (-Xss)
#   Set larger code cache with -XX:ReservedCodeCacheSize=
#   JVM is running with Zero Based Compressed Oops mode in which the Java heap is
#     placed in the first 32GB address space. The Java Heap base address is the
#     maximum limit for the native heap growth. Please use -XX:HeapBaseMinAddress
#     to set the Java Heap base and to place the Java Heap above 32GB virtual address.
# This output file may be truncated or incomplete.
#
#  Out of Memory Error (arena.cpp:168), pid=13176, tid=11788
#
# JRE version: OpenJDK Runtime Environment Corretto-21.0.2.13.1 (21.0.2+13) (build 21.0.2+13-LTS)
# Java VM: OpenJDK 64-Bit Server VM Corretto-21.0.2.13.1 (21.0.2+13-LTS, mixed mode, sharing, tiered, compressed oops, compressed class ptrs, g1 gc, windows-amd64)
# No core dump will be written. Minidumps are not enabled by default on client versions of Windows
#

---------------  S U M M A R Y ------------

Command Line: -javaagent:C:\Program Files\JetBrains\IntelliJ IDEA Community Edition 2023.2.3\lib\idea_rt.jar=52641:C:\Program Files\JetBrains\IntelliJ IDEA Community Edition 2023.2.3\bin -Dfile.encoding=UTF-8 -Dsun.stdout.encoding=UTF-8 -Dsun.stderr.encoding=UTF-8 com.example.ex_3_hw.Ex3HwApplication

Host: Intel(R) Core(TM) i5-4210U CPU @ 1.70GHz, 4 cores, 11G,  Windows 10 , 64 bit Build 19041 (10.0.19041.3636)
Time: Wed Apr 24 18:45:08 2024  Windows 10 , 64 bit Build 19041 (10.0.19041.3636) elapsed time: 21.206618 seconds (0d 0h 0m 21s)

---------------  T H R E A D  ---------------

Current thread (0x000001cb081c2220):  JavaThread "C2 CompilerThread1" daemon [_thread_in_native, id=11788, stack(0x0000004a4e500000,0x0000004a4e600000) (1024K)]


Current CompileTask:
C2:  21206 5344       4       org.springframework.beans.factory.support.AbstractBeanFactory::isTypeMatch (619 bytes)

Stack: [0x0000004a4e500000,0x0000004a4e600000]
Native frames: (J=compiled Java code, j=interpreted, Vv=VM code, C=native code)
V  [jvm.dll+0x6d47f9]
V  [jvm.dll+0x8afff3]
V  [jvm.dll+0x8b234e]
V  [jvm.dll+0x8b2a33]
V  [jvm.dll+0x284e96]
V  [jvm.dll+0xc600d]
V  [jvm.dll+0xc6543]
V  [jvm.dll+0x3bc0cb]
V  [jvm.dll+0x1e48d2]
V  [jvm.dll+0x24d504]
V  [jvm.dll+0x24c981]
V  [jvm.dll+0x1cbb54]
V  [jvm.dll+0x25bf99]
V  [jvm.dll+0x25a58b]
V  [jvm.dll+0x3f6106]
V  [jvm.dll+0x8586f8]
V  [jvm.dll+0x6d303d]
C  [ucrtbase.dll+0x21bb2]
C  [KERNEL32.DLL+0x17344]
C  [ntdll.dll+0x526b1]


---------------  P R O C E S S  ---------------

Threads class SMR info:
_java_thread_list=0x000001cb0c4cb600, length=29, elements={
0x000001cac2c63870, 0x000001cac2c64940, 0x000001cac2c68a90, 0x000001cac2c6b7b0,
0x000001cac2c6c9b0, 0x000001cac2c6df10, 0x000001cac2c72af0, 0x000001cac2c7db70,
0x000001cac2c2fb80, 0x000001cb081fd450, 0x000001cb082d0190, 0x000001cb0a70c5e0,
0x000001cb09b50fb0, 0x000001cb0940cf10, 0x000001cb0b5aece0, 0x000001cb0b5acc10,
0x000001cb0b5ae650, 0x000001cb0b5ad2a0, 0x000001cb0b5ad930, 0x000001cb0b5adfc0,
0x000001cb09418960, 0x000001cb09419680, 0x000001cb09415b70, 0x000001cb09413aa0,
0x000001cb094147c0, 0x000001cb09419d10, 0x000001cb09414130, 0x000001cb09414e50,
0x000001cb081c2220
}

Java Threads: ( => current thread )
  0x000001cac2c63870 JavaThread "Reference Handler"          daemon [_thread_blocked, id=13300, stack(0x0000004a4dc00000,0x0000004a4dd00000) (1024K)]
  0x000001cac2c64940 JavaThread "Finalizer"                  daemon [_thread_blocked, id=6444, stack(0x0000004a4dd00000,0x0000004a4de00000) (1024K)]
  0x000001cac2c68a90 JavaThread "Signal Dispatcher"          daemon [_thread_blocked, id=8636, stack(0x0000004a4de00000,0x0000004a4df00000) (1024K)]
  0x000001cac2c6b7b0 JavaThread "Attach Listener"            daemon [_thread_blocked, id=9820, stack(0x0000004a4df00000,0x0000004a4e000000) (1024K)]
  0x000001cac2c6c9b0 JavaThread "Service Thread"             daemon [_thread_blocked, id=2084, stack(0x0000004a4e000000,0x0000004a4e100000) (1024K)]
  0x000001cac2c6df10 JavaThread "Monitor Deflation Thread"   daemon [_thread_blocked, id=12032, stack(0x0000004a4e100000,0x0000004a4e200000) (1024K)]
  0x000001cac2c72af0 JavaThread "C2 CompilerThread0"         daemon [_thread_blocked, id=12432, stack(0x0000004a4e200000,0x0000004a4e300000) (1024K)]
  0x000001cac2c7db70 JavaThread "C1 CompilerThread0"         daemon [_thread_blocked, id=12052, stack(0x0000004a4e300000,0x0000004a4e400000) (1024K)]
  0x000001cac2c2fb80 JavaThread "Common-Cleaner"             daemon [_thread_blocked, id=9176, stack(0x0000004a4e400000,0x0000004a4e500000) (1024K)]
  0x000001cb081fd450 JavaThread "Monitor Ctrl-Break"         daemon [_thread_in_native, id=7620, stack(0x0000004a4e600000,0x0000004a4e700000) (1024K)]
  0x000001cb082d0190 JavaThread "Notification Thread"        daemon [_thread_blocked, id=1172, stack(0x0000004a4e700000,0x0000004a4e800000) (1024K)]
  0x000001cb0a70c5e0 JavaThread "Catalina-utility-1"                [_thread_blocked, id=7652, stack(0x0000004a4eb00000,0x0000004a4ec00000) (1024K)]
  0x000001cb09b50fb0 JavaThread "Catalina-utility-2"                [_thread_blocked, id=1348, stack(0x0000004a4ec00000,0x0000004a4ed00000) (1024K)]
  0x000001cb0940cf10 JavaThread "container-0"                       [_thread_blocked, id=12816, stack(0x0000004a4ed00000,0x0000004a4ee00000) (1024K)]
  0x000001cb0b5aece0 JavaThread "HikariPool-1 housekeeper"   daemon [_thread_blocked, id=12824, stack(0x0000004a4ee00000,0x0000004a4ef00000) (1024K)]
  0x000001cb0b5acc10 JavaThread "http-nio-8080-exec-1"       daemon [_thread_blocked, id=10748, stack(0x0000004a4f000000,0x0000004a4f100000) (1024K)]
  0x000001cb0b5ae650 JavaThread "http-nio-8080-exec-2"       daemon [_thread_blocked, id=12436, stack(0x0000004a4f100000,0x0000004a4f200000) (1024K)]
  0x000001cb0b5ad2a0 JavaThread "http-nio-8080-exec-3"       daemon [_thread_blocked, id=5016, stack(0x0000004a4f200000,0x0000004a4f300000) (1024K)]
  0x000001cb0b5ad930 JavaThread "http-nio-8080-exec-4"       daemon [_thread_blocked, id=12756, stack(0x0000004a4f300000,0x0000004a4f400000) (1024K)]
  0x000001cb0b5adfc0 JavaThread "http-nio-8080-exec-5"       daemon [_thread_blocked, id=11312, stack(0x0000004a4f400000,0x0000004a4f500000) (1024K)]
  0x000001cb09418960 JavaThread "http-nio-8080-exec-6"       daemon [_thread_blocked, id=12852, stack(0x0000004a4f500000,0x0000004a4f600000) (1024K)]
  0x000001cb09419680 JavaThread "http-nio-8080-exec-7"       daemon [_thread_blocked, id=1896, stack(0x0000004a4f600000,0x0000004a4f700000) (1024K)]
  0x000001cb09415b70 JavaThread "http-nio-8080-exec-8"       daemon [_thread_blocked, id=11404, stack(0x0000004a4f700000,0x0000004a4f800000) (1024K)]
  0x000001cb09413aa0 JavaThread "http-nio-8080-exec-9"       daemon [_thread_blocked, id=7360, stack(0x0000004a4f800000,0x0000004a4f900000) (1024K)]
  0x000001cb094147c0 JavaThread "http-nio-8080-exec-10"      daemon [_thread_blocked, id=12460, stack(0x0000004a4f900000,0x0000004a4fa00000) (1024K)]
  0x000001cb09419d10 JavaThread "http-nio-8080-Poller"       daemon [_thread_in_native, id=12768, stack(0x0000004a4fa00000,0x0000004a4fb00000) (1024K)]
  0x000001cb09414130 JavaThread "http-nio-8080-Acceptor"     daemon [_thread_in_native, id=4848, stack(0x0000004a4fb00000,0x0000004a4fc00000) (1024K)]
  0x000001cb09414e50 JavaThread "DestroyJavaVM"                     [_thread_blocked, id=13180, stack(0x0000004a4d400000,0x0000004a4d500000) (1024K)]
=>0x000001cb081c2220 JavaThread "C2 CompilerThread1"         daemon [_thread_in_native, id=11788, stack(0x0000004a4e500000,0x0000004a4e600000) (1024K)]
Total: 29

Other Threads:
  0x000001cac2c44320 VMThread "VM Thread"                           [id=12248, stack(0x0000004a4db00000,0x0000004a4dc00000) (1024K)]
  0x000001cac2c2e7d0 WatcherThread "VM Periodic Task Thread"        [id=2584, stack(0x0000004a4da00000,0x0000004a4db00000) (1024K)]
  0x000001caa55b7010 WorkerThread "GC Thread#0"                     [id=12596, stack(0x0000004a4d500000,0x0000004a4d600000) (1024K)]
  0x000001cb088e64c0 WorkerThread "GC Thread#1"                     [id=12112, stack(0x0000004a4e800000,0x0000004a4e900000) (1024K)]
  0x000001cb088e6860 WorkerThread "GC Thread#2"                     [id=11388, stack(0x0000004a4e900000,0x0000004a4ea00000) (1024K)]
  0x000001cb088e5d80 WorkerThread "GC Thread#3"                     [id=6752, stack(0x0000004a4ea00000,0x0000004a4eb00000) (1024K)]
  0x000001caa55c3e30 ConcurrentGCThread "G1 Main Marker"            [id=12368, stack(0x0000004a4d600000,0x0000004a4d700000) (1024K)]
  0x000001caa55c5af0 WorkerThread "G1 Conc#0"                       [id=11440, stack(0x0000004a4d700000,0x0000004a4d800000) (1024K)]
  0x000001caa562e960 ConcurrentGCThread "G1 Refine#0"               [id=7904, stack(0x0000004a4d800000,0x0000004a4d900000) (1024K)]
  0x000001cac2b02790 ConcurrentGCThread "G1 Service"                [id=3132, stack(0x0000004a4d900000,0x0000004a4da00000) (1024K)]
Total: 10

Threads with active compile tasks:
C2 CompilerThread1    21245 5344       4       org.springframework.beans.factory.support.AbstractBeanFactory::isTypeMatch (619 bytes)
Total: 1

VM state: not at safepoint (normal execution)

VM Mutex/Monitor currently owned by a thread: None

Heap address: 0x0000000741c00000, size: 3044 MB, Compressed Oops mode: Zero based, Oop shift amount: 3

CDS archive(s) mapped at: [0x000001cac3000000-0x000001cac3c90000-0x000001cac3c90000), size 13172736, SharedBaseAddress: 0x000001cac3000000, ArchiveRelocationMode: 1.
Compressed class space mapped at: 0x000001cac4000000-0x000001cb04000000, reserved size: 1073741824
Narrow klass base: 0x000001cac3000000, Narrow klass shift: 0, Narrow klass range: 0x100000000

GC Precious Log:
 CardTable entry size: 512
 Card Set container configuration: InlinePtr #cards 4 size 8 Array Of Cards #cards 16 size 48 Howl #buckets 8 coarsen threshold 3686 Howl Bitmap #cards 512 size 80 coarsen threshold 460 Card regions per heap region 1 cards per card region 4096
 CPUs: 4 total, 4 available
 Memory: 12171M
 Large Page Support: Disabled
 NUMA Support: Disabled
 Compressed Oops: Enabled (Zero based)
 Heap Region Size: 2M
 Heap Min Capacity: 8M
 Heap Initial Capacity: 192M
 Heap Max Capacity: 3044M
 Pre-touch: Disabled
 Parallel Workers: 4
 Concurrent Workers: 1
 Concurrent Refinement Workers: 4
 Periodic GC: Disabled

Heap:
 garbage-first heap   total 59392K, used 28861K [0x0000000741c00000, 0x0000000800000000)
  region size 2048K, 3 young (6144K), 2 survivors (4096K)
 Metaspace       used 67464K, committed 68096K, reserved 1114112K
  class space    used 9006K, committed 9280K, reserved 1048576K

Heap Regions: E=young(eden), S=young(survivor), O=old, HS=humongous(starts), HC=humongous(continues), CS=collection set, F=free, TAMS=top-at-mark-start, PB=parsable bottom
|   0|0x0000000741c00000, 0x0000000741e00000, 0x0000000741e00000|100%| O|  |TAMS 0x0000000741c00000| PB 0x0000000741c00000| Untracked 
|   1|0x0000000741e00000, 0x0000000742000000, 0x0000000742000000|100%| O|  |TAMS 0x0000000741e00000| PB 0x0000000741e00000| Untracked 
|   2|0x0000000742000000, 0x0000000742200000, 0x0000000742200000|100%| O|  |TAMS 0x0000000742000000| PB 0x0000000742000000| Untracked 
|   3|0x0000000742200000, 0x0000000742400000, 0x0000000742400000|100%| O|  |TAMS 0x0000000742200000| PB 0x0000000742200000| Untracked 
|   4|0x0000000742400000, 0x0000000742600000, 0x0000000742600000|100%| O|  |TAMS 0x0000000742400000| PB 0x0000000742400000| Untracked 
|   5|0x0000000742600000, 0x0000000742800000, 0x0000000742800000|100%| O|  |TAMS 0x0000000742600000| PB 0x0000000742600000| Untracked 
|   6|0x0000000742800000, 0x0000000742a00000, 0x0000000742a00000|100%| O|  |TAMS 0x0000000742800000| PB 0x0000000742800000| Untracked 
|   7|0x0000000742a00000, 0x0000000742a00000, 0x0000000742c00000|  0%| F|  |TAMS 0x0000000742a00000| PB 0x0000000742a00000| Untracked 
|   8|0x0000000742c00000, 0x0000000742e00000, 0x0000000742e00000|100%| O|  |TAMS 0x0000000742c00000| PB 0x0000000742c00000| Untracked 
|   9|0x0000000742e00000, 0x0000000743000000, 0x0000000743000000|100%| O|  |TAMS 0x0000000742e00000| PB 0x0000000742e00000| Untracked 
|  10|0x0000000743000000, 0x0000000743200000, 0x0000000743200000|100%| O|  |TAMS 0x0000000743000000| PB 0x0000000743000000| Untracked 
|  11|0x0000000743200000, 0x0000000743400000, 0x0000000743400000|100%| O|  |TAMS 0x0000000743200000| PB 0x0000000743200000| Untracked 
|  12|0x0000000743400000, 0x0000000743600000, 0x0000000743600000|100%| O|  |TAMS 0x0000000743400000| PB 0x0000000743400000| Untracked 
|  13|0x0000000743600000, 0x0000000743600000, 0x0000000743800000|  0%| F|  |TAMS 0x0000000743600000| PB 0x0000000743600000| Untracked 
|  14|0x0000000743800000, 0x0000000743800000, 0x0000000743a00000|  0%| F|  |TAMS 0x0000000743800000| PB 0x0000000743800000| Untracked 
|  15|0x0000000743a00000, 0x0000000743c00000, 0x0000000743c00000|100%| O|  |TAMS 0x0000000743a00000| PB 0x0000000743a00000| Untracked 
|  16|0x0000000743c00000, 0x0000000743c2f628, 0x0000000743e00000|  9%| S|CS|TAMS 0x0000000743c00000| PB 0x0000000743c00000| Complete 
|  17|0x0000000743e00000, 0x0000000744000000, 0x0000000744000000|100%| S|CS|TAMS 0x0000000743e00000| PB 0x0000000743e00000| Complete 
|  18|0x0000000744000000, 0x0000000744000000, 0x0000000744200000|  0%| F|  |TAMS 0x0000000744000000| PB 0x0000000744000000| Untracked 
|  19|0x0000000744200000, 0x0000000744200000, 0x0000000744400000|  0%| F|  |TAMS 0x0000000744200000| PB 0x0000000744200000| Untracked 
|  20|0x0000000744400000, 0x0000000744400000, 0x0000000744600000|  0%| F|  |TAMS 0x0000000744400000| PB 0x0000000744400000| Untracked 
|  21|0x0000000744600000, 0x0000000744600000, 0x0000000744800000|  0%| F|  |TAMS 0x0000000744600000| PB 0x0000000744600000| Untracked 
|  22|0x0000000744800000, 0x0000000744800000, 0x0000000744a00000|  0%| F|  |TAMS 0x0000000744800000| PB 0x0000000744800000| Untracked 
|  23|0x0000000744a00000, 0x0000000744a00000, 0x0000000744c00000|  0%| F|  |TAMS 0x0000000744a00000| PB 0x0000000744a00000| Untracked 
|  24|0x0000000744c00000, 0x0000000744c00000, 0x0000000744e00000|  0%| F|  |TAMS 0x0000000744c00000| PB 0x0000000744c00000| Untracked 
|  69|0x000000074a600000, 0x000000074a600000, 0x000000074a800000|  0%| F|  |TAMS 0x000000074a600000| PB 0x000000074a600000| Untracked 
|  70|0x000000074a800000, 0x000000074a800000, 0x000000074aa00000|  0%| F|  |TAMS 0x000000074a800000| PB 0x000000074a800000| Untracked 
|  71|0x000000074aa00000, 0x000000074aa00000, 0x000000074ac00000|  0%| F|  |TAMS 0x000000074aa00000| PB 0x000000074aa00000| Untracked 
|  72|0x000000074ac00000, 0x000000074ad545d0, 0x000000074ae00000| 66%| E|  |TAMS 0x000000074ac00000| PB 0x000000074ac00000| Complete 

Card table byte_map: [0x000001cabd240000,0x000001cabd840000] _byte_map_base: 0x000001cab9832000

Marking Bits: (CMBitMap*) 0x000001caa55b7710
 Bits: [0x000001cabd840000, 0x000001cac07d0000)

Polling page: 0x000001caa4d30000

Metaspace:

Usage:
  Non-class:     57.09 MB used.
      Class:      8.80 MB used.
       Both:     65.88 MB used.

Virtual space:
  Non-class space:       64.00 MB reserved,      57.44 MB ( 90%) committed,  1 nodes.
      Class space:        1.00 GB reserved,       9.06 MB ( <1%) committed,  1 nodes.
             Both:        1.06 GB reserved,      66.50 MB (  6%) committed. 

Chunk freelists:
   Non-Class:  6.27 MB
       Class:  6.94 MB
        Both:  13.20 MB

MaxMetaspaceSize: unlimited
CompressedClassSpaceSize: 1.00 GB
Initial GC threshold: 21.00 MB
Current GC threshold: 98.25 MB
CDS: on
 - commit_granule_bytes: 65536.
 - commit_granule_words: 8192.
 - virtual_space_node_default_size: 8388608.
 - enlarge_chunks_in_place: 1.
 - use_allocation_guard: 0.


Internal statistics:

num_allocs_failed_limit: 9.
num_arena_births: 874.
num_arena_deaths: 0.
num_vsnodes_births: 2.
num_vsnodes_deaths: 0.
num_space_committed: 1064.
num_space_uncommitted: 0.
num_chunks_returned_to_freelist: 9.
num_chunks_taken_from_freelist: 3338.
num_chunk_merges: 6.
num_chunk_splits: 2421.
num_chunks_enlarged: 1904.
num_inconsistent_stats: 0.

CodeHeap 'non-profiled nmethods': size=120000Kb used=2984Kb max_used=2984Kb free=117015Kb
 bounds [0x000001cab5710000, 0x000001cab5a00000, 0x000001cabcc40000]
CodeHeap 'profiled nmethods': size=120000Kb used=9443Kb max_used=9443Kb free=110556Kb
 bounds [0x000001caadc40000, 0x000001caae580000, 0x000001cab5170000]
CodeHeap 'non-nmethods': size=5760Kb used=1669Kb max_used=1695Kb free=4091Kb
 bounds [0x000001cab5170000, 0x000001cab53e0000, 0x000001cab5710000]
 total_blobs=5463 nmethods=4753 adapters=614
 compilation: enabled
              stopped_count=0, restarted_count=0
 full_count=0

Compilation events (20 events):
Event: 20.464 Thread 0x000001cac2c7db70 nmethod 5399 0x000001caae574f90 code [0x000001caae575120, 0x000001caae575240]
Event: 20.464 Thread 0x000001cac2c7db70 5400       3       java.util.concurrent.atomic.AtomicLongArray::get (12 bytes)
Event: 20.464 Thread 0x000001cac2c7db70 nmethod 5400 0x000001caae575310 code [0x000001caae575500, 0x000001caae575aa0]
Event: 20.472 Thread 0x000001cac2c7db70 5402       3       java.util.concurrent.atomic.AtomicLongArray::lazySet (13 bytes)
Event: 20.473 Thread 0x000001cac2c7db70 nmethod 5402 0x000001caae575c90 code [0x000001caae575ea0, 0x000001caae5764e8]
Event: 20.473 Thread 0x000001cac2c7db70 5403       3       java.lang.invoke.VarHandleGuards::guard_LIJ_V (135 bytes)
Event: 20.477 Thread 0x000001cac2c7db70 nmethod 5403 0x000001caae576710 code [0x000001caae576b40, 0x000001caae5790f0]
Event: 20.545 Thread 0x000001cac2c7db70 5407       3       com.fasterxml.jackson.databind.util.internal.PrivateMaxEntriesMap::readBufferIndex (7 bytes)
Event: 20.545 Thread 0x000001cac2c7db70 nmethod 5407 0x000001caade96690 code [0x000001caade96820, 0x000001caade96918]
Event: 20.560 Thread 0x000001cac2c7db70 5408       3       com.fasterxml.jackson.databind.AnnotationIntrospector::_findAnnotation (6 bytes)
Event: 20.561 Thread 0x000001cac2c7db70 nmethod 5408 0x000001caae579c10 code [0x000001caae579dc0, 0x000001caae579fa0]
Event: 20.574 Thread 0x000001cac2c7db70 5409       1       org.apache.tomcat.util.http.MimeHeaderField::getName (5 bytes)
Event: 20.574 Thread 0x000001cac2c7db70 nmethod 5409 0x000001cab59f2710 code [0x000001cab59f28a0, 0x000001cab59f2970]
Event: 20.578 Thread 0x000001cac2c7db70 5410       3       java.nio.Buffer::remaining (20 bytes)
Event: 20.579 Thread 0x000001cac2c7db70 nmethod 5410 0x000001caae57a090 code [0x000001caae57a240, 0x000001caae57a3c8]
Event: 20.609 Thread 0x000001cac2c72af0 nmethod 5389 0x000001cab59f2a10 code [0x000001cab59f2f00, 0x000001cab59f6010]
Event: 20.609 Thread 0x000001cac2c72af0 5406       4       java.util.concurrent.locks.ReentrantLock$Sync::tryRelease (51 bytes)
Event: 20.611 Thread 0x000001cac2c72af0 nmethod 5406 0x000001cab59f8310 code [0x000001cab59f84a0, 0x000001cab59f85d0]
Event: 20.611 Thread 0x000001cac2c72af0 5405       4       java.lang.ref.Reference::enqueueFromPending (19 bytes)
Event: 20.655 Thread 0x000001cac2c72af0 nmethod 5405 0x000001cab59f8690 code [0x000001cab59f8940, 0x000001cab59f9ab8]

GC Heap History (20 events):
Event: 3.886 GC heap before
{Heap before GC invocations=3 (full 0):
 garbage-first heap   total 196608K, used 50098K [0x0000000741c00000, 0x0000000800000000)
  region size 2048K, 23 young (47104K), 2 survivors (4096K)
 Metaspace       used 21280K, committed 21504K, reserved 1114112K
  class space    used 2583K, committed 2688K, reserved 1048576K
}
Event: 3.900 GC heap after
{Heap after GC invocations=4 (full 0):
 garbage-first heap   total 196608K, used 12719K [0x0000000741c00000, 0x0000000800000000)
  region size 2048K, 4 young (8192K), 4 survivors (8192K)
 Metaspace       used 21280K, committed 21504K, reserved 1114112K
  class space    used 2583K, committed 2688K, reserved 1048576K
}
Event: 5.115 GC heap before
{Heap before GC invocations=5 (full 0):
 garbage-first heap   total 49152K, used 33199K [0x0000000741c00000, 0x0000000800000000)
  region size 2048K, 14 young (28672K), 4 survivors (8192K)
 Metaspace       used 25622K, committed 26048K, reserved 1114112K
  class space    used 3158K, committed 3392K, reserved 1048576K
}
Event: 5.134 GC heap after
{Heap after GC invocations=6 (full 0):
 garbage-first heap   total 49152K, used 15009K [0x0000000741c00000, 0x0000000800000000)
  region size 2048K, 2 young (4096K), 2 survivors (4096K)
 Metaspace       used 25622K, committed 26048K, reserved 1114112K
  class space    used 3158K, committed 3392K, reserved 1048576K
}
Event: 6.166 GC heap before
{Heap before GC invocations=6 (full 0):
 garbage-first heap   total 49152K, used 35489K [0x0000000741c00000, 0x0000000800000000)
  region size 2048K, 12 young (24576K), 2 survivors (4096K)
 Metaspace       used 30246K, committed 30720K, reserved 1114112K
  class space    used 3739K, committed 3968K, reserved 1048576K
}
Event: 6.189 GC heap after
{Heap after GC invocations=7 (full 0):
 garbage-first heap   total 49152K, used 17177K [0x0000000741c00000, 0x0000000800000000)
  region size 2048K, 2 young (4096K), 2 survivors (4096K)
 Metaspace       used 30246K, committed 30720K, reserved 1114112K
  class space    used 3739K, committed 3968K, reserved 1048576K
}
Event: 6.888 GC heap before
{Heap before GC invocations=7 (full 0):
 garbage-first heap   total 49152K, used 33561K [0x0000000741c00000, 0x0000000800000000)
  region size 2048K, 12 young (24576K), 2 survivors (4096K)
 Metaspace       used 35520K, committed 35968K, reserved 1114112K
  class space    used 4325K, committed 4544K, reserved 1048576K
}
Event: 6.897 GC heap after
{Heap after GC invocations=8 (full 0):
 garbage-first heap   total 49152K, used 18968K [0x0000000741c00000, 0x0000000800000000)
  region size 2048K, 2 young (4096K), 2 survivors (4096K)
 Metaspace       used 35520K, committed 35968K, reserved 1114112K
  class space    used 4325K, committed 4544K, reserved 1048576K
}
Event: 7.837 GC heap before
{Heap before GC invocations=9 (full 0):
 garbage-first heap   total 49152K, used 37400K [0x0000000741c00000, 0x0000000800000000)
  region size 2048K, 12 young (24576K), 2 survivors (4096K)
 Metaspace       used 40981K, committed 41536K, reserved 1114112K
  class space    used 5143K, committed 5376K, reserved 1048576K
}
Event: 7.847 GC heap after
{Heap after GC invocations=10 (full 0):
 garbage-first heap   total 49152K, used 20500K [0x0000000741c00000, 0x0000000800000000)
  region size 2048K, 2 young (4096K), 2 survivors (4096K)
 Metaspace       used 40981K, committed 41536K, reserved 1114112K
  class space    used 5143K, committed 5376K, reserved 1048576K
}
Event: 8.485 GC heap before
{Heap before GC invocations=10 (full 0):
 garbage-first heap   total 49152K, used 38932K [0x0000000741c00000, 0x0000000800000000)
  region size 2048K, 11 young (22528K), 2 survivors (4096K)
 Metaspace       used 45844K, committed 46336K, reserved 1114112K
  class space    used 5863K, committed 6080K, reserved 1048576K
}
Event: 8.504 GC heap after
{Heap after GC invocations=11 (full 0):
 garbage-first heap   total 59392K, used 20437K [0x0000000741c00000, 0x0000000800000000)
  region size 2048K, 2 young (4096K), 2 survivors (4096K)
 Metaspace       used 45844K, committed 46336K, reserved 1114112K
  class space    used 5863K, committed 6080K, reserved 1048576K
}
Event: 9.576 GC heap before
{Heap before GC invocations=11 (full 0):
 garbage-first heap   total 59392K, used 47061K [0x0000000741c00000, 0x0000000800000000)
  region size 2048K, 16 young (32768K), 2 survivors (4096K)
 Metaspace       used 55246K, committed 55872K, reserved 1114112K
  class space    used 7342K, committed 7616K, reserved 1048576K
}
Event: 9.583 GC heap after
{Heap after GC invocations=12 (full 0):
 garbage-first heap   total 59392K, used 21833K [0x0000000741c00000, 0x0000000800000000)
  region size 2048K, 2 young (4096K), 2 survivors (4096K)
 Metaspace       used 55246K, committed 55872K, reserved 1114112K
  class space    used 7342K, committed 7616K, reserved 1048576K
}
Event: 10.317 GC heap before
{Heap before GC invocations=12 (full 0):
 garbage-first heap   total 59392K, used 44361K [0x0000000741c00000, 0x0000000800000000)
  region size 2048K, 14 young (28672K), 2 survivors (4096K)
 Metaspace       used 59475K, committed 60096K, reserved 1114112K
  class space    used 7892K, committed 8192K, reserved 1048576K
}
Event: 10.326 GC heap after
{Heap after GC invocations=13 (full 0):
 garbage-first heap   total 59392K, used 23954K [0x0000000741c00000, 0x0000000800000000)
  region size 2048K, 2 young (4096K), 2 survivors (4096K)
 Metaspace       used 59475K, committed 60096K, reserved 1114112K
  class space    used 7892K, committed 8192K, reserved 1048576K
}
Event: 11.148 GC heap before
{Heap before GC invocations=14 (full 0):
 garbage-first heap   total 59392K, used 48530K [0x0000000741c00000, 0x0000000800000000)
  region size 2048K, 14 young (28672K), 2 survivors (4096K)
 Metaspace       used 61769K, committed 62400K, reserved 1114112K
  class space    used 8265K, committed 8512K, reserved 1048576K
}
Event: 11.161 GC heap after
{Heap after GC invocations=15 (full 0):
 garbage-first heap   total 59392K, used 26941K [0x0000000741c00000, 0x0000000800000000)
  region size 2048K, 2 young (4096K), 2 survivors (4096K)
 Metaspace       used 61769K, committed 62400K, reserved 1114112K
  class space    used 8265K, committed 8512K, reserved 1048576K
}
Event: 20.479 GC heap before
{Heap before GC invocations=15 (full 0):
 garbage-first heap   total 59392K, used 47421K [0x0000000741c00000, 0x0000000800000000)
  region size 2048K, 13 young (26624K), 2 survivors (4096K)
 Metaspace       used 67092K, committed 67776K, reserved 1114112K
  class space    used 8958K, committed 9280K, reserved 1048576K
}
Event: 20.498 GC heap after
{Heap after GC invocations=16 (full 0):
 garbage-first heap   total 59392K, used 28861K [0x0000000741c00000, 0x0000000800000000)
  region size 2048K, 2 young (4096K), 2 survivors (4096K)
 Metaspace       used 67092K, committed 67776K, reserved 1114112K
  class space    used 8958K, committed 9280K, reserved 1048576K
}

Dll operation events (14 events):
Event: 0.020 Loaded shared library C:\Users\toha3\.jdks\corretto-21.0.2\bin\java.dll
Event: 0.092 Loaded shared library C:\Users\toha3\.jdks\corretto-21.0.2\bin\jsvml.dll
Event: 0.245 Loaded shared library C:\Users\toha3\.jdks\corretto-21.0.2\bin\zip.dll
Event: 0.252 Loaded shared library C:\Users\toha3\.jdks\corretto-21.0.2\bin\instrument.dll
Event: 0.262 Loaded shared library C:\Users\toha3\.jdks\corretto-21.0.2\bin\net.dll
Event: 0.265 Loaded shared library C:\Users\toha3\.jdks\corretto-21.0.2\bin\nio.dll
Event: 0.270 Loaded shared library C:\Users\toha3\.jdks\corretto-21.0.2\bin\zip.dll
Event: 0.462 Loaded shared library C:\Program Files\JetBrains\IntelliJ IDEA Community Edition 2023.2.3\bin\breakgen64.dll
Event: 0.478 Loaded shared library C:\Users\toha3\.jdks\corretto-21.0.2\bin\extnet.dll
Event: 0.538 Loaded shared library C:\Users\toha3\.jdks\corretto-21.0.2\bin\jimage.dll
Event: 2.592 Loaded shared library C:\Users\toha3\.jdks\corretto-21.0.2\bin\sunmscapi.dll
Event: 6.009 Loaded shared library C:\Users\toha3\.jdks\corretto-21.0.2\bin\management.dll
Event: 6.013 Loaded shared library C:\Users\toha3\.jdks\corretto-21.0.2\bin\management_ext.dll
Event: 7.648 Loaded shared library C:\Users\toha3\.jdks\corretto-21.0.2\bin\verify.dll

Deoptimization events (20 events):
Event: 20.054 Thread 0x000001cb0b5ae650 Uncommon trap: trap_request=0xffffff45 fr.pc=0x000001cab578b2bc relative=0x00000000000001dc
Event: 20.054 Thread 0x000001cb0b5ae650 Uncommon trap: reason=unstable_if action=reinterpret pc=0x000001cab578b2bc method=java.util.HashMap.getNode(Ljava/lang/Object;)Ljava/util/HashMap$Node; @ 66 c2
Event: 20.054 Thread 0x000001cb0b5ae650 DEOPT PACKING pc=0x000001cab578b2bc sp=0x0000004a4f1fc640
Event: 20.054 Thread 0x000001cb0b5ae650 DEOPT UNPACKING pc=0x000001cab51c46a2 sp=0x0000004a4f1fc5b0 mode 2
Event: 20.379 Thread 0x000001cb0b5ae650 Uncommon trap: trap_request=0xffffffc6 fr.pc=0x000001cab5792c40 relative=0x00000000000003c0
Event: 20.379 Thread 0x000001cb0b5ae650 Uncommon trap: reason=bimorphic_or_optimized_type_check action=maybe_recompile pc=0x000001cab5792c40 method=java.util.regex.Pattern$BmpCharPropertyGreedy.match(Ljava/util/regex/Matcher;ILjava/lang/CharSequence;)Z @ 26 c2
Event: 20.380 Thread 0x000001cb0b5ae650 DEOPT PACKING pc=0x000001cab5792c40 sp=0x0000004a4f1fa000
Event: 20.380 Thread 0x000001cb0b5ae650 DEOPT UNPACKING pc=0x000001cab51c46a2 sp=0x0000004a4f1f9fb8 mode 2
Event: 20.380 Thread 0x000001cb0b5ae650 Uncommon trap: trap_request=0xffffffc6 fr.pc=0x000001cab5792c40 relative=0x00000000000003c0
Event: 20.380 Thread 0x000001cb0b5ae650 Uncommon trap: reason=bimorphic_or_optimized_type_check action=maybe_recompile pc=0x000001cab5792c40 method=java.util.regex.Pattern$BmpCharPropertyGreedy.match(Ljava/util/regex/Matcher;ILjava/lang/CharSequence;)Z @ 26 c2
Event: 20.380 Thread 0x000001cb0b5ae650 DEOPT PACKING pc=0x000001cab5792c40 sp=0x0000004a4f1f9f80
Event: 20.380 Thread 0x000001cb0b5ae650 DEOPT UNPACKING pc=0x000001cab51c46a2 sp=0x0000004a4f1f9f38 mode 2
Event: 20.380 Thread 0x000001cb0b5ae650 Uncommon trap: trap_request=0xffffffc6 fr.pc=0x000001cab5792c40 relative=0x00000000000003c0
Event: 20.380 Thread 0x000001cb0b5ae650 Uncommon trap: reason=bimorphic_or_optimized_type_check action=maybe_recompile pc=0x000001cab5792c40 method=java.util.regex.Pattern$BmpCharPropertyGreedy.match(Ljava/util/regex/Matcher;ILjava/lang/CharSequence;)Z @ 26 c2
Event: 20.380 Thread 0x000001cb0b5ae650 DEOPT PACKING pc=0x000001cab5792c40 sp=0x0000004a4f1f9ce0
Event: 20.380 Thread 0x000001cb0b5ae650 DEOPT UNPACKING pc=0x000001cab51c46a2 sp=0x0000004a4f1f9c98 mode 2
Event: 20.380 Thread 0x000001cb0b5ae650 Uncommon trap: trap_request=0xffffffc6 fr.pc=0x000001cab5792c40 relative=0x00000000000003c0
Event: 20.380 Thread 0x000001cb0b5ae650 Uncommon trap: reason=bimorphic_or_optimized_type_check action=maybe_recompile pc=0x000001cab5792c40 method=java.util.regex.Pattern$BmpCharPropertyGreedy.match(Ljava/util/regex/Matcher;ILjava/lang/CharSequence;)Z @ 26 c2
Event: 20.380 Thread 0x000001cb0b5ae650 DEOPT PACKING pc=0x000001cab5792c40 sp=0x0000004a4f1f9bf0
Event: 20.380 Thread 0x000001cb0b5ae650 DEOPT UNPACKING pc=0x000001cab51c46a2 sp=0x0000004a4f1f9b88 mode 2

Classes loaded (20 events):
Event: 20.242 Loading class java/util/AbstractMap$SimpleEntry
Event: 20.242 Loading class java/util/AbstractMap$SimpleEntry done
Event: 20.380 Loading class jdk/internal/math/FormattedFPDecimal
Event: 20.380 Loading class jdk/internal/math/FormattedFPDecimal done
Event: 20.408 Loading class java/time/format/DateTimeFormatterBuilder$ZoneTextPrinterParser
Event: 20.409 Loading class java/time/format/DateTimeFormatterBuilder$ZoneTextPrinterParser done
Event: 20.409 Loading class java/time/format/DateTimeFormatterBuilder$ReducedPrinterParser
Event: 20.409 Loading class java/time/format/DateTimeFormatterBuilder$ReducedPrinterParser done
Event: 20.419 Loading class java/util/OptionalLong
Event: 20.419 Loading class java/util/OptionalLong done
Event: 20.419 Loading class java/util/OptionalDouble
Event: 20.419 Loading class java/util/OptionalDouble done
Event: 20.478 Loading class java/util/stream/LongStream
Event: 20.479 Loading class java/util/stream/LongStream done
Event: 20.479 Loading class java/util/stream/DoubleStream
Event: 20.479 Loading class java/util/stream/DoubleStream done
Event: 20.531 Loading class org/w3c/dom/Node
Event: 20.531 Loading class org/w3c/dom/Node done
Event: 20.531 Loading class org/w3c/dom/Document
Event: 20.531 Loading class org/w3c/dom/Document done

Classes unloaded (0 events):
No events

Classes redefined (0 events):
No events

Internal exceptions (20 events):
Event: 9.773 Thread 0x000001caa5562680 Exception <a 'java/lang/IncompatibleClassChangeError'{0x000000074a734760}: Found class java.lang.Object, but interface was expected> (0x000000074a734760) 
thrown [s\src\hotspot\share\interpreter\linkResolver.cpp, line 840]
Event: 9.788 Thread 0x000001caa5562680 Implicit null exception at 0x000001cab5968c3c to 0x000001cab596a618
Event: 9.795 Thread 0x000001caa5562680 Exception <a 'java/lang/IncompatibleClassChangeError'{0x0000000744c76580}: Found class java.lang.Object, but interface was expected> (0x0000000744c76580) 
thrown [s\src\hotspot\share\interpreter\linkResolver.cpp, line 840]
Event: 9.873 Thread 0x000001caa5562680 Exception <a 'java/lang/IncompatibleClassChangeError'{0x0000000744a15898}: Found class java.lang.Object, but interface was expected> (0x0000000744a15898) 
thrown [s\src\hotspot\share\interpreter\linkResolver.cpp, line 840]
Event: 10.078 Thread 0x000001caa5562680 Exception <a 'java/lang/IncompatibleClassChangeError'{0x00000007447c3d48}: Found class java.lang.Object, but interface was expected> (0x00000007447c3d48) 
thrown [s\src\hotspot\share\interpreter\linkResolver.cpp, line 840]
Event: 10.268 Thread 0x000001caa5562680 Exception <a 'java/lang/IncompatibleClassChangeError'{0x0000000743ebd4e0}: Found class java.lang.Object, but interface was expected> (0x0000000743ebd4e0) 
thrown [s\src\hotspot\share\interpreter\linkResolver.cpp, line 840]
Event: 10.588 Thread 0x000001caa5562680 Exception <a 'java/lang/NoSuchMethodError'{0x000000074a8f1920}: 'java.lang.Object java.lang.invoke.DirectMethodHandle$Holder.newInvokeSpecial(java.lang.Object, java.lang.Object, java.lang.Object, java.lang.Object, java.lang.Object, java.lang.Object, java.lang.Object, java.lang.Object)'> (0x000000074a8f1920) 
thrown [s\src\hotspot\share\interpreter\linkResolver.cpp, line 773]
Event: 10.977 Thread 0x000001caa5562680 Exception <a 'java/lang/IncompatibleClassChangeError'{0x000000074422d150}: Found class java.lang.Object, but interface was expected> (0x000000074422d150) 
thrown [s\src\hotspot\share\interpreter\linkResolver.cpp, line 840]
Event: 11.046 Thread 0x000001caa5562680 Exception <a 'java/lang/NoSuchMethodError'{0x0000000744017ac8}: 'void java.lang.invoke.DirectMethodHandle$Holder.invokeVirtual(java.lang.Object, java.lang.Object, long)'> (0x0000000744017ac8) 
thrown [s\src\hotspot\share\interpreter\linkResolver.cpp, line 773]
Event: 11.145 Thread 0x000001caa5562680 Exception <a 'java/lang/NoSuchMethodError'{0x0000000743fd9260}: 'int java.lang.invoke.DirectMethodHandle$Holder.invokeStaticInit(java.lang.Object, java.lang.Object, java.lang.Object, java.lang.Object)'> (0x0000000743fd9260) 
thrown [s\src\hotspot\share\interpreter\linkResolver.cpp, line 773]
Event: 11.202 Thread 0x000001caa5562680 Exception <a 'java/lang/IncompatibleClassChangeError'{0x000000074ad11938}: Found class java.lang.Object, but interface was expected> (0x000000074ad11938) 
thrown [s\src\hotspot\share\interpreter\linkResolver.cpp, line 840]
Event: 11.227 Thread 0x000001caa5562680 Implicit null exception at 0x000001cab5842b08 to 0x000001cab5842d74
Event: 11.345 Thread 0x000001caa5562680 Exception <a 'java/lang/NoSuchMethodError'{0x000000074a6f2d60}: 'java.lang.Object java.lang.invoke.DirectMethodHandle$Holder.newInvokeSpecial(java.lang.Object, java.lang.Object, int, java.lang.Object, java.lang.Object)'> (0x000000074a6f2d60) 
thrown [s\src\hotspot\share\interpreter\linkResolver.cpp, line 773]
Event: 11.346 Thread 0x000001caa5562680 Exception <a 'java/lang/NoSuchMethodError'{0x000000074a6fdc10}: 'java.lang.Object java.lang.invoke.DirectMethodHandle$Holder.invokeSpecial(java.lang.Object, java.lang.Object, int, java.lang.Object, int, java.lang.Object)'> (0x000000074a6fdc10) 
thrown [s\src\hotspot\share\interpreter\linkResolver.cpp, line 773]
Event: 11.347 Thread 0x000001caa5562680 Exception <a 'java/lang/NoSuchMethodError'{0x000000074a704dc0}: 'java.lang.Object java.lang.invoke.DirectMethodHandle$Holder.newInvokeSpecial(java.lang.Object, java.lang.Object, int, java.lang.Object, int)'> (0x000000074a704dc0) 
thrown [s\src\hotspot\share\interpreter\linkResolver.cpp, line 773]
Event: 11.347 Thread 0x000001caa5562680 Exception <a 'java/lang/NoSuchMethodError'{0x000000074a708c30}: 'java.lang.Object java.lang.invoke.DirectMethodHandle$Holder.invokeSpecial(java.lang.Object, java.lang.Object, java.lang.Object, int, java.lang.Object, int)'> (0x000000074a708c30) 
thrown [s\src\hotspot\share\interpreter\linkResolver.cpp, line 773]
Event: 19.895 Thread 0x000001cb0b5ae650 Exception <a 'java/lang/NoSuchMethodError'{0x0000000744a68460}: 'java.lang.Object java.lang.invoke.DirectMethodHandle$Holder.invokeSpecial(java.lang.Object, java.lang.Object, java.lang.Object, java.lang.Object, java.lang.Object, long)'> (0x0000000744a68460) 
thrown [s\src\hotspot\share\interpreter\linkResolver.cpp, line 773]
Event: 19.896 Thread 0x000001cb0b5ae650 Exception <a 'java/lang/NoSuchMethodError'{0x0000000744a6bc20}: 'java.lang.Object java.lang.invoke.Invokers$Holder.linkToTargetMethod(java.lang.Object, java.lang.Object, java.lang.Object, long, java.lang.Object)'> (0x0000000744a6bc20) 
thrown [s\src\hotspot\share\interpreter\linkResolver.cpp, line 773]
Event: 20.190 Thread 0x000001cb0b5ae650 Exception <a 'java/lang/NoSuchMethodError'{0x0000000744409ed0}: 'java.lang.Object java.lang.invoke.DirectMethodHandle$Holder.invokeInterface(java.lang.Object, java.lang.Object, java.lang.Object, java.lang.Object)'> (0x0000000744409ed0) 
thrown [s\src\hotspot\share\interpreter\linkResolver.cpp, line 773]
Event: 20.363 Thread 0x000001cb0b5ae650 Exception <a 'java/lang/IncompatibleClassChangeError'{0x000000074404fcf8}: Found class java.lang.Object, but interface was expected> (0x000000074404fcf8) 
thrown [s\src\hotspot\share\interpreter\linkResolver.cpp, line 840]

ZGC Phase Switch (0 events):
No events

VM Operations (20 events):
Event: 10.781 Executing VM operation: HandshakeAllThreads (Deoptimize)
Event: 10.781 Executing VM operation: HandshakeAllThreads (Deoptimize) done
Event: 11.051 Executing VM operation: ICBufferFull
Event: 11.051 Executing VM operation: ICBufferFull done
Event: 11.078 Executing VM operation: HandshakeAllThreads (Deoptimize)
Event: 11.078 Executing VM operation: HandshakeAllThreads (Deoptimize) done
Event: 11.148 Executing VM operation: G1CollectForAllocation (G1 Evacuation Pause)
Event: 11.161 Executing VM operation: G1CollectForAllocation (G1 Evacuation Pause) done
Event: 12.168 Executing VM operation: Cleanup
Event: 12.169 Executing VM operation: Cleanup done
Event: 19.919 Executing VM operation: HandshakeAllThreads (Deoptimize)
Event: 19.919 Executing VM operation: HandshakeAllThreads (Deoptimize) done
Event: 19.919 Executing VM operation: Cleanup
Event: 19.919 Executing VM operation: Cleanup done
Event: 20.046 Executing VM operation: HandshakeAllThreads (Deoptimize)
Event: 20.046 Executing VM operation: HandshakeAllThreads (Deoptimize) done
Event: 20.395 Executing VM operation: HandshakeAllThreads (Deoptimize)
Event: 20.395 Executing VM operation: HandshakeAllThreads (Deoptimize) done
Event: 20.479 Executing VM operation: G1CollectForAllocation (G1 Evacuation Pause)
Event: 20.498 Executing VM operation: G1CollectForAllocation (G1 Evacuation Pause) done

Events (20 events):
Event: 10.407 Thread 0x000001cac2c44320 flushing nmethod 0x000001cab5786f90
Event: 10.407 Thread 0x000001cac2c44320 flushing nmethod 0x000001cab5782210
Event: 10.407 Thread 0x000001cac2c44320 flushing nmethod 0x000001cab577ae90
Event: 11.360 Thread 0x000001cb0b5acc10 Thread added: 0x000001cb0b5acc10
Event: 11.360 Thread 0x000001cb0b5ae650 Thread added: 0x000001cb0b5ae650
Event: 11.360 Thread 0x000001cb0b5ad2a0 Thread added: 0x000001cb0b5ad2a0
Event: 11.360 Thread 0x000001cb0b5ad930 Thread added: 0x000001cb0b5ad930
Event: 11.360 Thread 0x000001cb0b5adfc0 Thread added: 0x000001cb0b5adfc0
Event: 11.360 Thread 0x000001cb09418960 Thread added: 0x000001cb09418960
Event: 11.360 Thread 0x000001cb09419680 Thread added: 0x000001cb09419680
Event: 11.361 Thread 0x000001cb09415b70 Thread added: 0x000001cb09415b70
Event: 11.361 Thread 0x000001cb09413aa0 Thread added: 0x000001cb09413aa0
Event: 11.361 Thread 0x000001cb094147c0 Thread added: 0x000001cb094147c0
Event: 11.380 Thread 0x000001cb09419d10 Thread added: 0x000001cb09419d10
Event: 11.382 Thread 0x000001cb09414130 Thread added: 0x000001cb09414130
Event: 11.413 Thread 0x000001caa5562680 Thread exited: 0x000001caa5562680
Event: 11.413 Thread 0x000001cb09414e50 Thread added: 0x000001cb09414e50
Event: 12.153 Thread 0x000001cb0b5af370 Thread exited: 0x000001cb0b5af370
Event: 16.300 Thread 0x000001cb09675ee0 Thread exited: 0x000001cb09675ee0
Event: 19.941 Thread 0x000001cb081c2220 Thread added: 0x000001cb081c2220


Dynamic libraries:
0x00007ff6dc8b0000 - 0x00007ff6dc8be000 	C:\Users\toha3\.jdks\corretto-21.0.2\bin\java.exe
0x00007ff847ad0000 - 0x00007ff847cc8000 	C:\Windows\SYSTEM32\ntdll.dll
0x00007ff846770000 - 0x00007ff84682d000 	C:\Windows\System32\KERNEL32.DLL
0x00007ff8454d0000 - 0x00007ff8457c6000 	C:\Windows\System32\KERNELBASE.dll
0x00007ff8451b0000 - 0x00007ff8452b0000 	C:\Windows\System32\ucrtbase.dll
0x00007ff832540000 - 0x00007ff83255b000 	C:\Users\toha3\.jdks\corretto-21.0.2\bin\VCRUNTIME140.dll
0x00007ff832560000 - 0x00007ff832578000 	C:\Users\toha3\.jdks\corretto-21.0.2\bin\jli.dll
0x00007ff846830000 - 0x00007ff8469cf000 	C:\Windows\System32\USER32.dll
0x00007ff837740000 - 0x00007ff8379da000 	C:\Windows\WinSxS\amd64_microsoft.windows.common-controls_6595b64144ccf1df_6.0.19041.3636_none_60b6a03d71f818d5\COMCTL32.dll
0x00007ff8452b0000 - 0x00007ff8452d2000 	C:\Windows\System32\win32u.dll
0x00007ff846db0000 - 0x00007ff846ddb000 	C:\Windows\System32\GDI32.dll
0x00007ff8469d0000 - 0x00007ff846a6e000 	C:\Windows\System32\msvcrt.dll
0x00007ff845880000 - 0x00007ff845997000 	C:\Windows\System32\gdi32full.dll
0x00007ff8459f0000 - 0x00007ff845a8d000 	C:\Windows\System32\msvcp_win.dll
0x00007ff8479f0000 - 0x00007ff847a22000 	C:\Windows\System32\IMM32.DLL
0x00007ff833780000 - 0x00007ff83378c000 	C:\Users\toha3\.jdks\corretto-21.0.2\bin\vcruntime140_1.dll
0x00007ff821110000 - 0x00007ff82119d000 	C:\Users\toha3\.jdks\corretto-21.0.2\bin\msvcp140.dll
0x00007fffd38a0000 - 0x00007fffd4630000 	C:\Users\toha3\.jdks\corretto-21.0.2\bin\server\jvm.dll
0x00007ff846c40000 - 0x00007ff846cf0000 	C:\Windows\System32\ADVAPI32.dll
0x00007ff8478f0000 - 0x00007ff847990000 	C:\Windows\System32\sechost.dll
0x00007ff8464b0000 - 0x00007ff8465d3000 	C:\Windows\System32\RPCRT4.dll
0x00007ff845180000 - 0x00007ff8451a7000 	C:\Windows\System32\bcrypt.dll
0x00007ff847630000 - 0x00007ff84769b000 	C:\Windows\System32\WS2_32.dll
0x00007ff8446f0000 - 0x00007ff84473b000 	C:\Windows\SYSTEM32\POWRPROF.dll
0x00007ff83a280000 - 0x00007ff83a2a7000 	C:\Windows\SYSTEM32\WINMM.dll
0x00007ff83dfb0000 - 0x00007ff83dfba000 	C:\Windows\SYSTEM32\VERSION.dll
0x00007ff844560000 - 0x00007ff844572000 	C:\Windows\SYSTEM32\UMPDC.dll
0x00007ff842fd0000 - 0x00007ff842fe2000 	C:\Windows\SYSTEM32\kernel.appcore.dll
0x00007ff829fd0000 - 0x00007ff829fda000 	C:\Users\toha3\.jdks\corretto-21.0.2\bin\jimage.dll
0x00007ff8350f0000 - 0x00007ff8352d4000 	C:\Windows\SYSTEM32\DBGHELP.DLL
0x00007ff835d60000 - 0x00007ff835d94000 	C:\Windows\SYSTEM32\dbgcore.DLL
0x00007ff8452e0000 - 0x00007ff845362000 	C:\Windows\System32\bcryptPrimitives.dll
0x00007ff840b80000 - 0x00007ff840b8e000 	C:\Users\toha3\.jdks\corretto-21.0.2\bin\instrument.dll
0x00007ff832520000 - 0x00007ff83253f000 	C:\Users\toha3\.jdks\corretto-21.0.2\bin\java.dll
0x00007ff846ec0000 - 0x00007ff84762b000 	C:\Windows\System32\SHELL32.dll
0x00007ff8431d0000 - 0x00007ff84396e000 	C:\Windows\SYSTEM32\windows.storage.dll
0x00007ff845c10000 - 0x00007ff845f63000 	C:\Windows\System32\combase.dll
0x00007ff844bb0000 - 0x00007ff844bde000 	C:\Windows\SYSTEM32\Wldp.dll
0x00007ff845f70000 - 0x00007ff84603d000 	C:\Windows\System32\OLEAUT32.dll
0x00007ff846cf0000 - 0x00007ff846d9d000 	C:\Windows\System32\SHCORE.dll
0x00007ff846660000 - 0x00007ff8466b5000 	C:\Windows\System32\shlwapi.dll
0x00007ff8450b0000 - 0x00007ff8450d3000 	C:\Windows\SYSTEM32\profapi.dll
0x00007ff820160000 - 0x00007ff820237000 	C:\Users\toha3\.jdks\corretto-21.0.2\bin\jsvml.dll
0x00007ff829d90000 - 0x00007ff829da8000 	C:\Users\toha3\.jdks\corretto-21.0.2\bin\zip.dll
0x00007ff829e30000 - 0x00007ff829e40000 	C:\Users\toha3\.jdks\corretto-21.0.2\bin\net.dll
0x00007ff83b170000 - 0x00007ff83b27a000 	C:\Windows\SYSTEM32\WINHTTP.dll
0x00007ff844910000 - 0x00007ff84497a000 	C:\Windows\system32\mswsock.dll
0x00007ff829db0000 - 0x00007ff829dc6000 	C:\Users\toha3\.jdks\corretto-21.0.2\bin\nio.dll
0x00007ff833800000 - 0x00007ff83381a000 	C:\Program Files\JetBrains\IntelliJ IDEA Community Edition 2023.2.3\bin\breakgen64.dll
0x00007ff829e00000 - 0x00007ff829e09000 	C:\Users\toha3\.jdks\corretto-21.0.2\bin\extnet.dll
0x00007ff829d70000 - 0x00007ff829d7e000 	C:\Users\toha3\.jdks\corretto-21.0.2\bin\sunmscapi.dll
0x00007ff845370000 - 0x00007ff8454ce000 	C:\Windows\System32\CRYPT32.dll
0x00007ff844c20000 - 0x00007ff844c48000 	C:\Windows\SYSTEM32\ncrypt.dll
0x00007ff844be0000 - 0x00007ff844c1b000 	C:\Windows\SYSTEM32\NTASN1.dll
0x00007ff844b10000 - 0x00007ff844b28000 	C:\Windows\SYSTEM32\CRYPTSP.dll
0x00007ff844180000 - 0x00007ff8441b4000 	C:\Windows\system32\rsaenh.dll
0x00007ff845070000 - 0x00007ff84509e000 	C:\Windows\SYSTEM32\USERENV.dll
0x00007ff844b00000 - 0x00007ff844b0c000 	C:\Windows\SYSTEM32\CRYPTBASE.dll
0x00007ff844580000 - 0x00007ff8445bb000 	C:\Windows\SYSTEM32\IPHLPAPI.DLL
0x00007ff846a70000 - 0x00007ff846a78000 	C:\Windows\System32\NSI.dll
0x00007ff829e20000 - 0x00007ff829e29000 	C:\Users\toha3\.jdks\corretto-21.0.2\bin\management.dll
0x00007ff829d80000 - 0x00007ff829d8b000 	C:\Users\toha3\.jdks\corretto-21.0.2\bin\management_ext.dll
0x00007ff846da0000 - 0x00007ff846da8000 	C:\Windows\System32\PSAPI.DLL
0x00007ff829d40000 - 0x00007ff829d50000 	C:\Users\toha3\.jdks\corretto-21.0.2\bin\verify.dll
0x00007ff820c70000 - 0x00007ff820c77000 	C:\Windows\system32\wshunix.dll

dbghelp: loaded successfully - version: 4.0.5 - missing functions: none
symbol engine: initialized successfully - sym options: 0x614 - pdb path: .;C:\Users\toha3\.jdks\corretto-21.0.2\bin;C:\Windows\SYSTEM32;C:\Windows\WinSxS\amd64_microsoft.windows.common-controls_6595b64144ccf1df_6.0.19041.3636_none_60b6a03d71f818d5;C:\Users\toha3\.jdks\corretto-21.0.2\bin\server;C:\Program Files\JetBrains\IntelliJ IDEA Community Edition 2023.2.3\bin

VM Arguments:
jvm_args: -javaagent:C:\Program Files\JetBrains\IntelliJ IDEA Community Edition 2023.2.3\lib\idea_rt.jar=52641:C:\Program Files\JetBrains\IntelliJ IDEA Community Edition 2023.2.3\bin -Dfile.encoding=UTF-8 -Dsun.stdout.encoding=UTF-8 -Dsun.stderr.encoding=UTF-8 
java_command: com.example.ex_3_hw.Ex3HwApplication
java_class_path (initial): D:\Учеба Geekbrains\20 Major_Backend\4 Spring\Seminar_5\ex_3_hw\target\classes;C:\Users\toha3\.m2\repository\org\springframework\boot\spring-boot-starter-data-jpa\3.2.4\spring-boot-starter-data-jpa-3.2.4.jar;C:\Users\toha3\.m2\repository\org\springframework\boot\spring-boot-starter-aop\3.2.4\spring-boot-starter-aop-3.2.4.jar;C:\Users\toha3\.m2\repository\org\springframework\spring-aop\6.1.5\spring-aop-6.1.5.jar;C:\Users\toha3\.m2\repository\org\springframework\boot\spring-boot-starter-jdbc\3.2.4\spring-boot-starter-jdbc-3.2.4.jar;C:\Users\toha3\.m2\repository\com\zaxxer\HikariCP\5.0.1\HikariCP-5.0.1.jar;C:\Users\toha3\.m2\repository\org\springframework\spring-jdbc\6.1.5\spring-jdbc-6.1.5.jar;C:\Users\toha3\.m2\repository\org\hibernate\orm\hibernate-core\6.4.4.Final\hibernate-core-6.4.4.Final.jar;C:\Users\toha3\.m2\repository\jakarta\persistence\jakarta.persistence-api\3.1.0\jakarta.persistence-api-3.1.0.jar;C:\Users\toha3\.m2\repository\jakarta\transaction\jakarta.transaction-api\2.0.1\jakarta.transaction-api-2.0.1.jar;C:\Users\toha3\.m2\repository\org\jboss\logging\jboss-logging\3.5.3.Final\jboss-logging-3.5.3.Final.jar;C:\Users\toha3\.m2\repository\org\hibernate\common\hibernate-commons-annotations\6.0.6.Final\hibernate-commons-annotations-6.0.6.Final.jar;C:\Users\toha3\.m2\repository\io\smallrye\jandex\3.1.2\jandex-3.1.2.jar;C:\Users\toha3\.m2\repository\com\fasterxml\classmate\1.6.0\classmate-1.6.0.jar;C:\Users\toha3\.m2\repository\net\bytebuddy\byte-buddy\1.14.12\byte-buddy-1.14.12.jar;C:\Users\toha3\.m2\repository\org\glassfish\jaxb\jaxb-runtime\4.0.5\jaxb-runtime-4.0.5.jar;C:\Users\toha3\.m2\repository\org\glassfish\jaxb\jaxb-core\4.0.5\jaxb-core-4.0.5.jar;C:\Users\toha3\.m2\repository\org\eclipse\angus\angus-activation\2.0.2\angus-activation-2.0.2.jar;C:\Users\toha3\.m2\repository\org\glassfish\jaxb\txw2\4.0.5\txw2-4.0.5.jar;C:\Users\toha3\.m2\repository\com\sun\istack\istack-commons-runtime\4.1.2\istack-commons-runtime-4.1.2.jar;C:\Users\toha3\.m2\repository\jakarta\inject\jakarta.inject-api\2.0.1\jakarta.inject-api-2.0.1.jar;C:\Users\toha3\.m2\repository\org\antlr\antlr4-runtime\4.13.0\antlr4-runtime-4.13.0.jar;C:\Users\toha3\.m2\repository\org\springframework\data\spring-data-jpa\3.2.4\spring-data-jpa-3.2.4.jar;C:\Users\toha3\.m2\repository\org\springframework\data\spring-data-commons\3.2.4\spring-data-commons-3.2.4.jar;C:\Users\toha3\.m2\repository\org\springframework\spring-orm\6.1.5\spring-orm-6.1.5.jar;C:\Users\toha3\.m2\repository\org\springframework\spring-context\6.1.5\spring-context-6.1.5.jar;C:\Users\toha3\.m2\repository\org\springframework\spring-tx\6.1.5\spring-tx-6.1.5.jar;C:\Users\toha3\.m2\repository\org\springframework\spring-beans\6.1.5\spring-beans-6.1.5.jar;C:\Users\toha3\.m2\repository\jakarta\annotation\jakarta.annotation-api\2.1.1\jakarta.annotation-api-2.1.1.jar;C:\Users\toha3\.m2\repository\org\slf4j\slf4j-api\2.0.12\slf4j-api-2.0.12.jar;C:\Users\toha3\.m2\repository\org\springframework\boot\spring-boot-starter-web\3.2.4\spring-boot-starter-web-3.2.4.jar;C:\Users\toha3\.m2\repository\org\springframework\boot\spring-boot-starter\3.2.4\spring-boot-starter-3.2.4.jar;C:\Users\toha3\.m2\repository\org\springframework\boot\spring-boot\3.2.4\spring-boot-3.2.4.jar;C:\Users\toha3\.m2\repository\org\springframework\boot\spring-boot-autoconfigure\3.2.4\spring-boot-autoconfigure-3.2.4.jar;C:\Users\toha3\.m2\repository\org\springframework\boot\spring-boot-starter-logging\3.2.4\spring-boot-starter-logging-3.2.4.jar;C:\Users\toha3\.m2\repository\ch\qos\logback\logback-classic\1.4.14\logback-classic-1.4.14.jar;C:\Users\toha3\.m2\repository\ch\qos\logback\logback-core\1.4.14\logback-core-1.4.14.jar;C:\Users\toha3\.m2\repository\org\apache\logging\log4j\log4j-to-slf4j\2.21.1\log4j-to-slf4j-2.21.1.jar;C:\Users\toha3\.m2\repository\org\apache\logging\log4j\log4j-api\2.21.1\log4j-api-2.21.1.jar;C:\Users\toha3\.m2\repository\org\slf4j\jul-to-slf4j\2.0.12\jul-to-slf4j-2.0.12.jar;C:\Users\toha3\.m2\repository\org\yaml\snakeyaml\2.2\snakeyaml-2.2.jar;C:\Users\toha3\.m2\repository\org\springframework\boot\spring-boot-starter-json\3.2.4\spring-boot-starter-json-3.2.4.jar;C:\Users\toha3\.m2\repository\com\fasterxml\jackson\core\jackson-databind\2.15.4\jackson-databind-2.15.4.jar;C:\Users\toha3\.m2\repository\com\fasterxml\jackson\core\jackson-annotations\2.15.4\jackson-annotations-2.15.4.jar;C:\Users\toha3\.m2\repository\com\fasterxml\jackson\core\jackson-core\2.15.4\jackson-core-2.15.4.jar;C:\Users\toha3\.m2\repository\com\fasterxml\jackson\datatype\jackson-datatype-jdk8\2.15.4\jackson-datatype-jdk8-2.15.4.jar;C:\Users\toha3\.m2\repository\com\fasterxml\jackson\datatype\jackson-datatype-jsr310\2.15.4\jackson-datatype-jsr310-2.15.4.jar;C:\Users\toha3\.m2\repository\com\fasterxml\jackson\module\jackson-module-parameter-names\2.15.4\jackson-module-parameter-names-2.15.4.jar;C:\Users\toha3\.m2\repository\org\springframework\boot\spring-boot-starter-tomcat\3.2.4\spring-boot-starter-tomcat-3.2.4.jar;C:\Users\toha3\.m2\repository\org\apache\tomcat\embed\tomcat-embed-core\10.1.19\tomcat-embed-core-10.1.19.jar;C:\Users\toha3\.m2\repository\org\apache\tomcat\embed\tomcat-embed-el\10.1.19\tomcat-embed-el-10.1.19.jar;C:\Users\toha3\.m2\repository\org\apache\tomcat\embed\tomcat-embed-websocket\10.1.19\tomcat-embed-websocket-10.1.19.jar;C:\Users\toha3\.m2\repository\org\springframework\spring-web\6.1.5\spring-web-6.1.5.jar;C:\Users\toha3\.m2\repository\io\micrometer\micrometer-observation\1.12.4\micrometer-observation-1.12.4.jar;C:\Users\toha3\.m2\repository\io\micrometer\micrometer-commons\1.12.4\micrometer-commons-1.12.4.jar;C:\Users\toha3\.m2\repository\org\springframework\spring-webmvc\6.1.5\spring-webmvc-6.1.5.jar;C:\Users\toha3\.m2\repository\org\springframework\spring-expression\6.1.5\spring-expression-6.1.5.jar;C:\Users\toha3\.m2\repository\com\h2database\h2\2.2.224\h2-2.2.224.jar;C:\Users\toha3\.m2\repository\org\projectlombok\lombok\1.18.30\lombok-1.18.30.jar;C:\Users\toha3\.m2\repository\jakarta\xml\bind\jakarta.xml.bind-api\4.0.2\jakarta.xml.bind-api-4.0.2.jar;C:\Users\toha3\.m2\repository\jakarta\activation\jakarta.activation-api\2.1.3\jakarta.activation-api-2.1.3.jar;C:\Users\toha3\.m2\repository\org\springframework\spring-core\6.1.5\spring-core-6.1.5.jar;C:\Users\toha3\.m2\repository\org\springframework\spring-jcl\6.1.5\spring-jcl-6.1.5.jar;C:\Users\toha3\.m2\repository\org\springframework\spring-aspects\5.3.8\spring-aspects-5.3.8.jar;C:\Users\toha3\.m2\repository\org\aspectj\aspectjweaver\1.9.21\aspectjweaver-1.9.21.jar
Launcher Type: SUN_STANDARD

[Global flags]
     intx CICompilerCount                          = 3                                         {product} {ergonomic}
     uint ConcGCThreads                            = 1                                         {product} {ergonomic}
     uint G1ConcRefinementThreads                  = 4                                         {product} {ergonomic}
   size_t G1HeapRegionSize                         = 2097152                                   {product} {ergonomic}
    uintx GCDrainStackTargetSize                   = 64                                        {product} {ergonomic}
   size_t InitialHeapSize                          = 201326592                                 {product} {ergonomic}
   size_t MarkStackSize                            = 4194304                                   {product} {ergonomic}
   size_t MaxHeapSize                              = 3191865344                                {product} {ergonomic}
   size_t MaxNewSize                               = 1914699776                                {product} {ergonomic}
   size_t MinHeapDeltaBytes                        = 2097152                                   {product} {ergonomic}
   size_t MinHeapSize                              = 8388608                                   {product} {ergonomic}
    uintx NonNMethodCodeHeapSize                   = 5832780                                {pd product} {ergonomic}
    uintx NonProfiledCodeHeapSize                  = 122912730                              {pd product} {ergonomic}
    uintx ProfiledCodeHeapSize                     = 122912730                              {pd product} {ergonomic}
    uintx ReservedCodeCacheSize                    = 251658240                              {pd product} {ergonomic}
     bool SegmentedCodeCache                       = true                                      {product} {ergonomic}
   size_t SoftMaxHeapSize                          = 3191865344                             {manageable} {ergonomic}
     bool UseCompressedOops                        = true                           {product lp64_product} {ergonomic}
     bool UseG1GC                                  = true                                      {product} {ergonomic}
     bool UseLargePagesIndividualAllocation        = false                                  {pd product} {ergonomic}

Logging:
Log output configuration:
 #0: stdout all=warning uptime,level,tags foldmultilines=false
 #1: stderr all=off uptime,level,tags foldmultilines=false

Environment Variables:
PATH=C:\Program Files\Common Files\Oracle\Java\javapath;C:\Windows\system32;C:\Windows;C:\Windows\System32\Wbem;C:\Windows\System32\WindowsPowerShell\v1.0\;C:\Windows\System32\OpenSSH\;C:\Program Files\Git\cmd;C:\Program Files\Docker\Docker\resources\bin;D:\Downloads Chrome\apache-maven-3.9.6-bin\apache-maven-3.9.6\bin;D:\Downloads Chrome\gradle-8.7-bin\gradle-8.7\bin;C:\Program Files\MySQL\MySQL Shell 8.0\bin\;C:\Users\toha3\AppData\Local\Programs\Python\Python311\Scripts\;C:\Users\toha3\AppData\Local\Programs\Python\Python311\;C:\Users\toha3\AppData\Local\Microsoft\WindowsApps;;C:\Users\toha3\AppData\Local\Programs\Microsoft VS Code\bin;C:\Program Files\JetBrains\IntelliJ IDEA Community Edition 2023.2.3\bin;
USERNAME=toha3
OS=Windows_NT
PROCESSOR_IDENTIFIER=Intel64 Family 6 Model 69 Stepping 1, GenuineIntel
TMP=C:\Users\toha3\AppData\Local\Temp
TEMP=C:\Users\toha3\AppData\Local\Temp




Periodic native trim disabled

---------------  S Y S T E M  ---------------

OS:
 Windows 10 , 64 bit Build 19041 (10.0.19041.3636)
OS uptime: 0 days 3:33 hours
Hyper-V role detected

CPU: total 4 (initial active 4) (2 cores per cpu, 2 threads per core) family 6 model 69 stepping 1 microcode 0x25, cx8, cmov, fxsr, ht, mmx, sse, sse2, sse3, ssse3, sse4.1, sse4.2, popcnt, lzcnt, tsc, tscinvbit, avx, avx2, aes, erms, clmul, bmi1, bmi2, fma, vzeroupper, clflush, hv, rdtscp, f16c
Processor Information for all 4 processors :
  Max Mhz: 2401, Current Mhz: 2400, Mhz Limit: 2376

Memory: 4k page, system-wide physical 12171M (3802M free)
TotalPageFile size 14219M (AvailPageFile size 6M)
current process WorkingSet (physical memory assigned to process): 242M, peak: 245M
current process commit charge ("private bytes"): 274M, peak: 321M

vm_info: OpenJDK 64-Bit Server VM (21.0.2+13-LTS) for windows-amd64 JRE (21.0.2+13-LTS), built on 2024-01-10T23:18:03Z by "Administrator" with MS VC++ 16.10 / 16.11 (VS2019)

END.
